2015/04/08 10:16:32 - easychien: i'm - GameMode: normal - Elapsed time: 7 days, 0:00:00
2015/04/08 10:16:44 - easychien: what? - GameMode: normal - Elapsed time: 19 days, 0:00:00
2015/04/08 10:21:23 - easychien: the fact i can - GameMode: normal - Elapsed time: 00:00:12
2015/04/08 10:22:12 - easychien: the only thing - GameMode: normal - Elapsed time: 00:00:06
2015/04/08 10:22:21 - easychien: quit - GameMode: normal - Elapsed time: 00:00:14
2015/04/08 10:22:37 - easychien: democracy - GameMode: normal - Elapsed time: 00:00:10
2015/04/08 10:22:47 - easychien: g - GameMode: democracy - Elapsed time: 00:00:19
2015/04/08 10:22:53 - easychien: g h y - GameMode: democracy - Elapsed time: 00:00:26
2015/04/08 10:23:04 - easychien: quit - GameMode: democracy - Elapsed time: 00:00:37
2015/04/08 10:25:47 - easychien: the fact i don't - GameMode: normal - Elapsed time: 00:00:07
2015/04/08 10:26:06 - easychien: quit - GameMode: normal - Elapsed time: 00:00:26
2015/04/08 10:31:36 - easychien: the only thing that i - GameMode: normal - Elapsed time: 00:00:17
2015/04/08 10:31:54 - easychien: the only one who has - GameMode: normal - Elapsed time: 00:00:36
2015/04/08 10:32:14 - easychien: quit - GameMode: normal - Elapsed time: 00:00:56
2015/04/08 10:35:19 - easychien: the fact i can get it right away - GameMode: normal - Elapsed time: 00:00:10
2015/04/08 10:35:37 - easychien: quit - GameMode: normal - Elapsed time: 00:00:29
2015/04/08 10:38:58 - easychien: the fact i have a great way - GameMode: normal - Elapsed time: 00:00:08
2015/04/08 10:39:12 - easychien: quit - GameMode: normal - Elapsed time: 00:00:23
2015/04/08 10:39:53 - easychien: the fact i can get it right - GameMode: normal - Elapsed time: 00:00:06
2015/04/08 10:40:15 - easychien: quit - GameMode: normal - Elapsed time: 00:00:29
2015/04/08 10:42:12 - easychien: the only one that is a good time - GameMode: normal - Elapsed time: 00:00:08
2015/04/08 10:42:30 - easychien: right - GameMode: normal - Elapsed time: 00:00:26
2015/04/08 10:42:48 - easychien: quit - GameMode: normal - Elapsed time: 00:00:44
2015/04/08 10:46:03 - easychien: up up upupup rightsleft - GameMode: normal - Elapsed time: 00:00:21
2015/04/08 10:46:27 - easychien: left - GameMode: normal - Elapsed time: 00:00:45
2015/04/08 10:46:44 - easychien: violence - GameMode: normal - Elapsed time: 00:01:02
2015/04/08 10:46:49 - easychien: upup - GameMode: violence - Elapsed time: 00:01:07
2015/04/08 10:46:57 - easychien: quit - GameMode: violence - Elapsed time: 00:01:15
2015/04/08 10:48:57 - easychien: violence - GameMode: normal - Elapsed time: 00:00:08
2015/04/08 10:49:02 - easychien: the - GameMode: violence - Elapsed time: 00:00:13
2015/04/08 10:49:06 - easychien: the - GameMode: violence - Elapsed time: 00:00:17
2015/04/08 10:49:07 - easychien: the - GameMode: violence - Elapsed time: 00:00:18
2015/04/08 10:49:12 - easychien: upupup - GameMode: violence - Elapsed time: 00:00:23
2015/04/08 10:49:18 - easychien: ewe - GameMode: violence - Elapsed time: 00:00:29
2015/04/08 10:49:59 - easychien: quit - GameMode: violence - Elapsed time: 00:01:10
2015/04/08 10:50:11 - easychien: violence - GameMode: normal - Elapsed time: 00:00:08
2015/04/08 10:50:17 - easychien: juicy - GameMode: violence - Elapsed time: 00:00:14
2015/04/08 10:50:25 - easychien: upupup - GameMode: violence - Elapsed time: 00:00:22
2015/04/08 10:50:54 - easychien: quit - GameMode: violence - Elapsed time: 00:00:51
2015/04/08 10:51:49 - easychien: violence - GameMode: normal - Elapsed time: 00:00:04
2015/04/08 10:51:58 - easychien: the fact i i up - GameMode: violence - Elapsed time: 00:00:13
2015/04/08 10:52:09 - easychien: upupup down - GameMode: violence - Elapsed time: 00:00:25
2015/04/08 10:52:35 - easychien: quit - GameMode: violence - Elapsed time: 00:00:50
2015/04/08 10:53:23 - easychien: violence - GameMode: normal - Elapsed time: 00:00:03
2015/04/08 10:53:35 - easychien: the only thing i would upupup down - GameMode: violence - Elapsed time: 00:00:16
2015/04/08 10:53:54 - easychien: democracy - GameMode: violence - Elapsed time: 00:00:34
2015/04/08 10:54:01 - easychien: upupup down - GameMode: democracy - Elapsed time: 00:00:41
2015/04/08 10:54:06 - easychien: upupup - GameMode: democracy - Elapsed time: 00:00:47
2015/04/08 10:54:23 - easychien: quit - GameMode: democracy - Elapsed time: 00:01:04
2015/04/08 10:56:06 - easychien: democracy - GameMode: normal - Elapsed time: 00:00:04
2015/04/08 10:56:20 - easychien: upupup do a b down start - GameMode: democracy - Elapsed time: 00:00:18
2015/04/08 10:56:49 - easychien: upupup do bob a down start - GameMode: normal - Elapsed time: 00:00:13
2015/04/08 10:57:03 - easychien: quit - GameMode: normal - Elapsed time: 00:00:26
2015/04/08 10:58:35 - easychien: democracy - GameMode: normal - Elapsed time: 00:00:06
2015/04/08 10:58:39 - easychien: upupup down - GameMode: democracy - Elapsed time: 00:00:11
2015/04/08 10:59:06 - easychien: quit - GameMode: democracy - Elapsed time: 00:00:37
2015/04/08 11:00:54 - easychien: democracy - GameMode: normal - Elapsed time: 00:00:06
2015/04/08 11:01:00 - easychien: upupup down - GameMode: democracy - Elapsed time: 00:00:12
2015/04/08 11:01:20 - easychien: quit - GameMode: democracy - Elapsed time: 00:00:32
